<?xml version="1.0" encoding="UTF-8"?>
<!-- Generated by org.testng.reporters.JUnitReportReporter -->
<testsuite hostname="JESUS" name="scripts.DScript" tests="1" failures="0" timestamp="15 Sep 2017 19:06:51 GMT" time="28.531" errors="0">
  <testcase name="execute" time="28.531" classname="scripts.DScript"/>
</testsuite> <!-- scripts.DScript -->
